<i> [webpack-dev-server] Project is running at:
<i> [webpack-dev-server] Loopback: http://localhost:3003/
<i> [webpack-dev-server] On Your Network (IPv4): http://192.168.2.78:3003/
<i> [webpack-dev-server] On Your Network (IPv6): http://[fe80::1]:3003/
<i> [webpack-dev-server] Content not from webpack is served from '/Users/oudaykhaled/Desktop/golden-sample-react-micro-web /golden-sample-react-micro-web/frontend/analytics-app/public' directory
<i> [webpack-dev-server] 404s will fallback to '/index.html'
asset main.js 3.89 MiB [emitted] (name: main)
asset favicon.ico 3.78 KiB [emitted]
asset index.html 1.75 KiB [emitted]
orphan modules 7.57 MiB [orphan] 11391 modules
runtime modules 27 KiB 13 modules
cacheable modules 2.9 MiB
  modules by path ./node_modules/ 2.89 MiB 712 modules
  modules by path ./src/*.tsx 11.8 KiB
    ./src/index.minimal.tsx 1.02 KiB [built] [code generated]
    ./src/App.tsx 10.8 KiB [built] [code generated]
webpack 5.102.1 compiled successfully in 16557 ms
assets by status 5.53 KiB [cached] 2 assets
assets by status 3.89 MiB [emitted]
  asset main.js 3.89 MiB [emitted] (name: main)
  asset main.6ebe781f777eda3fc3a9.hot-update.js 856 bytes [emitted] [immutable] [hmr] (name: main)
  asset main.6ebe781f777eda3fc3a9.hot-update.json 28 bytes [emitted] [immutable] [hmr]
Entrypoint main 3.89 MiB = main.js 3.89 MiB main.6ebe781f777eda3fc3a9.hot-update.js 856 bytes
cached modules 10.5 MiB [cached] 12104 modules
runtime modules 27 KiB 13 modules
./src/index.minimal.tsx 1.02 KiB [built]
webpack 5.102.1 compiled successfully in 1384 ms
