<i> [webpack-dev-server] Project is running at:
<i> [webpack-dev-server] Loopback: http://localhost:3001/
<i> [webpack-dev-server] On Your Network (IPv4): http://192.168.2.78:3001/
<i> [webpack-dev-server] On Your Network (IPv6): http://[fe80::1]:3001/
<i> [webpack-dev-server] Content not from webpack is served from '/Users/oudaykhaled/Desktop/golden-sample-react-micro-web /golden-sample-react-micro-web/frontend/user-management-app/public' directory
<i> [webpack-dev-server] 404s will fallback to '/index.html'
asset main.js 8.44 MiB [emitted] (name: main)
asset favicon.ico 3.78 KiB [emitted]
asset index.html 1.75 KiB [emitted]
orphan modules 13.5 MiB [orphan] 22220 modules
runtime modules 27.1 KiB 13 modules
cacheable modules 5.77 MiB
  modules by path ./ 3.32 MiB 689 modules
  modules by path ../shared-ui-lib/ 2.44 MiB 482 modules
webpack 5.102.1 compiled successfully in 15039 ms
assets by status 5.53 KiB [cached] 2 assets
assets by status 8.44 MiB [emitted]
  asset main.js 8.44 MiB [emitted] (name: main)
  asset main.66d6234174e2fd06fcb5.hot-update.js 862 bytes [emitted] [immutable] [hmr] (name: main)
  asset main.66d6234174e2fd06fcb5.hot-update.json 28 bytes [emitted] [immutable] [hmr]
Entrypoint main 8.44 MiB = main.js 8.44 MiB main.66d6234174e2fd06fcb5.hot-update.js 862 bytes
cached modules 19.3 MiB [cached] 23390 modules
runtime modules 27.1 KiB 13 modules
./src/index.minimal.tsx 1.02 KiB [built]
webpack 5.102.1 compiled successfully in 5921 ms
