<i> [webpack-dev-server] Project is running at:
<i> [webpack-dev-server] Loopback: http://localhost:3004/
<i> [webpack-dev-server] On Your Network (IPv4): http://192.168.2.78:3004/
<i> [webpack-dev-server] On Your Network (IPv6): http://[fe80::1]:3004/
<i> [webpack-dev-server] Content not from webpack is served from '/Users/oudaykhaled/Desktop/golden-sample-react-micro-web /golden-sample-react-micro-web/frontend/settings-app/public' directory
<i> [webpack-dev-server] 404s will fallback to '/index.html'
asset main.js 3.14 MiB [emitted] (name: main)
asset favicon.ico 3.78 KiB [emitted]
asset index.html 1.75 KiB [emitted]
orphan modules 6.83 MiB [orphan] 11144 modules
runtime modules 27 KiB 13 modules
cacheable modules 2.31 MiB 405 modules
webpack 5.102.1 compiled successfully in 29150 ms
assets by status 5.53 KiB [cached] 2 assets
assets by status 3.14 MiB [emitted]
  asset main.js 3.14 MiB [emitted] (name: main)
  asset main.9e414bc2882c5fb8a523.hot-update.js 855 bytes [emitted] [immutable] [hmr] (name: main)
  asset main.9e414bc2882c5fb8a523.hot-update.json 28 bytes [emitted] [immutable] [hmr]
Entrypoint main 3.14 MiB = main.js 3.14 MiB main.9e414bc2882c5fb8a523.hot-update.js 855 bytes
cached modules 9.14 MiB [cached] 11548 modules
runtime modules 27 KiB 13 modules
./src/index.minimal.tsx 1.02 KiB [built]
webpack 5.102.1 compiled successfully in 1321 ms
