<i> [webpack-dev-server] Project is running at:
<i> [webpack-dev-server] Loopback: http://localhost:3000/
<i> [webpack-dev-server] On Your Network (IPv4): http://192.168.2.78:3000/
<i> [webpack-dev-server] On Your Network (IPv6): http://[fe80::1]:3000/
<i> [webpack-dev-server] Content not from webpack is served from '/Users/oudaykhaled/Desktop/golden-sample-react-micro-web /golden-sample-react-micro-web/frontend/container/public' directory
<i> [webpack-dev-server] 404s will fallback to '/index.html'
asset main.js 2.24 MiB [emitted] (name: main)
asset favicon.ico 3.78 KiB [emitted]
asset index.html 1.75 KiB [emitted]
orphan modules 7.26 MiB [orphan] 11247 modules
runtime modules 27 KiB 13 modules
cacheable modules 1.77 MiB 252 modules
webpack 5.102.1 compiled successfully in 12417 ms
assets by status 5.53 KiB [cached] 2 assets
assets by status 2.24 MiB [emitted]
  asset main.js 2.24 MiB [emitted] (name: main)
  asset main.fa9f7cd6f20ebd3c9476.hot-update.js 852 bytes [emitted] [immutable] [hmr] (name: main)
  asset main.fa9f7cd6f20ebd3c9476.hot-update.json 28 bytes [emitted] [immutable] [hmr]
Entrypoint main 2.24 MiB = main.js 2.24 MiB main.fa9f7cd6f20ebd3c9476.hot-update.js 852 bytes
cached modules 9.03 MiB [cached] 11497 modules
runtime modules 27 KiB 13 modules
javascript modules 8.06 KiB
  ./src/index.minimal.tsx 1.05 KiB [built]
  ./src/App.minimal.tsx 7.01 KiB [built]
webpack 5.102.1 compiled successfully in 947 ms
